03/31/2022 04:50:26 AM: INFO: **********************************Testing homepage title***********************************
03/31/2022 04:50:57 AM: INFO: **********************************Testing test_login Page***********************************
03/31/2022 05:18:04 AM: INFO: **********************************Testing homepage title***********************************
03/31/2022 05:18:14 AM: INFO: **********************************Testing test_login Page***********************************
03/31/2022 05:20:42 AM: INFO: **********************************Testing homepage title***********************************
03/31/2022 05:20:52 AM: INFO: **********************************Testing test_login Page***********************************
03/31/2022 05:24:10 AM: INFO: **********************************Testing homepage title***********************************
03/31/2022 05:24:10 AM: INFO: **********************************Testing test_login Page***********************************
03/31/2022 09:16:22 AM: INFO: **********************************Testing homepage title***********************************
03/31/2022 09:16:32 AM: INFO: **********************************Testing test_login Page***********************************
03/31/2022 09:17:23 AM: INFO: **********************************Testing homepage title***********************************
03/31/2022 09:17:34 AM: INFO: **********************************Testing test_login Page***********************************
03/31/2022 10:04:53 AM: INFO: **************************Test_002_login_ddt test**********************
03/31/2022 10:06:13 AM: INFO: **************************Test_002_login_ddt test**********************
03/31/2022 10:06:30 AM: INFO: ***test pass***
03/31/2022 10:06:44 AM: INFO: ***passed***
03/31/2022 10:06:55 AM: INFO: ***passed***
03/31/2022 10:07:06 AM: INFO: ***passed***
03/31/2022 10:07:06 AM: INFO: ********Login ddt test passed*********
03/31/2022 10:07:07 AM: INFO: ******* End of Login DDT Test **********
03/31/2022 10:07:07 AM: INFO: **************** Completed  TC_LoginDDT_002 ************* 
03/31/2022 10:11:26 AM: INFO: **************************Test_002_login_ddt test**********************
03/31/2022 10:11:51 AM: INFO: ***test pass***
03/31/2022 10:12:06 AM: INFO: ***passed***
03/31/2022 10:12:18 AM: INFO: ***passed***
03/31/2022 10:12:30 AM: INFO: ***passed***
03/31/2022 10:12:30 AM: INFO: ********Login ddt test passed*********
03/31/2022 10:12:35 AM: INFO: ******* End of Login DDT Test **********
03/31/2022 10:12:35 AM: INFO: **************** Completed  TC_LoginDDT_002 ************* 
03/31/2022 01:04:25 PM: INFO: **********************************Testing homepage title***********************************
03/31/2022 01:04:37 PM: INFO: **********************************Testing test_login Page***********************************
03/31/2022 01:13:34 PM: INFO: **********************************Testing test_login Page***********************************
03/31/2022 01:25:55 PM: INFO: **********************************Testing test_login Page***********************************
03/31/2022 01:40:22 PM: INFO: **********************************Testing test_login Page***********************************
03/31/2022 02:00:21 PM: INFO: **********************************Testing test_login Page***********************************
